[2025-02-02T22:34:01.257+0000] {processor.py:161} INFO - Started process (PID=190) to work on /home/airflow/.local/lib/python3.12/site-packages/airflow/example_dags/example_branch_datetime_operator.py
[2025-02-02T22:34:01.257+0000] {processor.py:830} INFO - Processing file /home/airflow/.local/lib/python3.12/site-packages/airflow/example_dags/example_branch_datetime_operator.py for tasks to queue
[2025-02-02T22:34:01.258+0000] {logging_mixin.py:188} INFO - [2025-02-02T22:34:01.258+0000] {dagbag.py:545} INFO - Filling up the DagBag from /home/airflow/.local/lib/python3.12/site-packages/airflow/example_dags/example_branch_datetime_operator.py
[2025-02-02T22:34:01.268+0000] {processor.py:840} INFO - DAG(s) 'example_branch_datetime_operator_3', 'example_branch_datetime_operator', 'example_branch_datetime_operator_2' retrieved from /home/airflow/.local/lib/python3.12/site-packages/airflow/example_dags/example_branch_datetime_operator.py
[2025-02-02T22:34:01.355+0000] {logging_mixin.py:188} INFO - [2025-02-02T22:34:01.355+0000] {override.py:1829} INFO - Created Permission View: can edit on DAG:example_branch_datetime_operator_3
[2025-02-02T22:34:01.363+0000] {logging_mixin.py:188} INFO - [2025-02-02T22:34:01.363+0000] {override.py:1829} INFO - Created Permission View: can read on DAG:example_branch_datetime_operator_3
[2025-02-02T22:34:01.371+0000] {logging_mixin.py:188} INFO - [2025-02-02T22:34:01.370+0000] {override.py:1829} INFO - Created Permission View: can delete on DAG:example_branch_datetime_operator_3
[2025-02-02T22:34:01.381+0000] {logging_mixin.py:188} INFO - [2025-02-02T22:34:01.381+0000] {override.py:1829} INFO - Created Permission View: can edit on DAG:example_branch_datetime_operator
[2025-02-02T22:34:01.387+0000] {logging_mixin.py:188} INFO - [2025-02-02T22:34:01.386+0000] {override.py:1829} INFO - Created Permission View: can read on DAG:example_branch_datetime_operator
[2025-02-02T22:34:01.392+0000] {logging_mixin.py:188} INFO - [2025-02-02T22:34:01.392+0000] {override.py:1829} INFO - Created Permission View: can delete on DAG:example_branch_datetime_operator
[2025-02-02T22:34:01.404+0000] {logging_mixin.py:188} INFO - [2025-02-02T22:34:01.403+0000] {override.py:1829} INFO - Created Permission View: can edit on DAG:example_branch_datetime_operator_2
[2025-02-02T22:34:01.410+0000] {logging_mixin.py:188} INFO - [2025-02-02T22:34:01.410+0000] {override.py:1829} INFO - Created Permission View: can read on DAG:example_branch_datetime_operator_2
[2025-02-02T22:34:01.415+0000] {logging_mixin.py:188} INFO - [2025-02-02T22:34:01.415+0000] {override.py:1829} INFO - Created Permission View: can delete on DAG:example_branch_datetime_operator_2
[2025-02-02T22:34:01.415+0000] {logging_mixin.py:188} INFO - [2025-02-02T22:34:01.415+0000] {dag.py:3096} INFO - Sync 3 DAGs
[2025-02-02T22:34:01.423+0000] {logging_mixin.py:188} INFO - [2025-02-02T22:34:01.423+0000] {dag.py:3118} INFO - Creating ORM DAG for example_branch_datetime_operator
[2025-02-02T22:34:01.424+0000] {logging_mixin.py:188} INFO - [2025-02-02T22:34:01.424+0000] {dag.py:3118} INFO - Creating ORM DAG for example_branch_datetime_operator_3
[2025-02-02T22:34:01.425+0000] {logging_mixin.py:188} INFO - [2025-02-02T22:34:01.425+0000] {dag.py:3118} INFO - Creating ORM DAG for example_branch_datetime_operator_2
[2025-02-02T22:34:01.435+0000] {logging_mixin.py:188} INFO - [2025-02-02T22:34:01.435+0000] {dag.py:3954} INFO - Setting next_dagrun for example_branch_datetime_operator to 2025-02-01 00:00:00+00:00, run_after=2025-02-02 00:00:00+00:00
[2025-02-02T22:34:01.437+0000] {logging_mixin.py:188} INFO - [2025-02-02T22:34:01.436+0000] {dag.py:3954} INFO - Setting next_dagrun for example_branch_datetime_operator_2 to 2025-02-01 00:00:00+00:00, run_after=2025-02-02 00:00:00+00:00
[2025-02-02T22:34:01.438+0000] {logging_mixin.py:188} INFO - [2025-02-02T22:34:01.438+0000] {dag.py:3954} INFO - Setting next_dagrun for example_branch_datetime_operator_3 to 2025-02-01 00:00:00+00:00, run_after=2025-02-02 00:00:00+00:00
[2025-02-02T22:34:01.452+0000] {processor.py:183} INFO - Processing /home/airflow/.local/lib/python3.12/site-packages/airflow/example_dags/example_branch_datetime_operator.py took 0.200 seconds
[2025-02-02T22:34:32.144+0000] {processor.py:161} INFO - Started process (PID=451) to work on /home/airflow/.local/lib/python3.12/site-packages/airflow/example_dags/example_branch_datetime_operator.py
[2025-02-02T22:34:32.145+0000] {processor.py:830} INFO - Processing file /home/airflow/.local/lib/python3.12/site-packages/airflow/example_dags/example_branch_datetime_operator.py for tasks to queue
[2025-02-02T22:34:32.147+0000] {logging_mixin.py:188} INFO - [2025-02-02T22:34:32.147+0000] {dagbag.py:545} INFO - Filling up the DagBag from /home/airflow/.local/lib/python3.12/site-packages/airflow/example_dags/example_branch_datetime_operator.py
[2025-02-02T22:34:32.155+0000] {processor.py:840} INFO - DAG(s) 'example_branch_datetime_operator_3', 'example_branch_datetime_operator', 'example_branch_datetime_operator_2' retrieved from /home/airflow/.local/lib/python3.12/site-packages/airflow/example_dags/example_branch_datetime_operator.py
[2025-02-02T22:34:32.178+0000] {logging_mixin.py:188} INFO - [2025-02-02T22:34:32.178+0000] {dag.py:3096} INFO - Sync 3 DAGs
[2025-02-02T22:34:32.199+0000] {logging_mixin.py:188} INFO - [2025-02-02T22:34:32.198+0000] {dag.py:3954} INFO - Setting next_dagrun for example_branch_datetime_operator to 2025-02-01 00:00:00+00:00, run_after=2025-02-02 00:00:00+00:00
[2025-02-02T22:34:32.203+0000] {logging_mixin.py:188} INFO - [2025-02-02T22:34:32.203+0000] {dag.py:3954} INFO - Setting next_dagrun for example_branch_datetime_operator_2 to 2025-02-01 00:00:00+00:00, run_after=2025-02-02 00:00:00+00:00
[2025-02-02T22:34:32.205+0000] {logging_mixin.py:188} INFO - [2025-02-02T22:34:32.205+0000] {dag.py:3954} INFO - Setting next_dagrun for example_branch_datetime_operator_3 to 2025-02-01 00:00:00+00:00, run_after=2025-02-02 00:00:00+00:00
[2025-02-02T22:34:32.222+0000] {processor.py:183} INFO - Processing /home/airflow/.local/lib/python3.12/site-packages/airflow/example_dags/example_branch_datetime_operator.py took 0.082 seconds
