[2025-02-02T22:34:02.753+0000] {processor.py:161} INFO - Started process (PID=278) to work on /home/airflow/.local/lib/python3.12/site-packages/airflow/example_dags/example_subdag_operator.py
[2025-02-02T22:34:02.753+0000] {processor.py:830} INFO - Processing file /home/airflow/.local/lib/python3.12/site-packages/airflow/example_dags/example_subdag_operator.py for tasks to queue
[2025-02-02T22:34:02.754+0000] {logging_mixin.py:188} INFO - [2025-02-02T22:34:02.754+0000] {dagbag.py:545} INFO - Filling up the DagBag from /home/airflow/.local/lib/python3.12/site-packages/airflow/example_dags/example_subdag_operator.py
[2025-02-02T22:34:02.771+0000] {processor.py:840} INFO - DAG(s) 'example_subdag_operator.section-1', 'example_subdag_operator.section-2', 'example_subdag_operator' retrieved from /home/airflow/.local/lib/python3.12/site-packages/airflow/example_dags/example_subdag_operator.py
[2025-02-02T22:34:02.856+0000] {logging_mixin.py:188} INFO - [2025-02-02T22:34:02.856+0000] {override.py:1829} INFO - Created Permission View: can edit on DAG:example_subdag_operator
[2025-02-02T22:34:02.865+0000] {logging_mixin.py:188} INFO - [2025-02-02T22:34:02.865+0000] {override.py:1829} INFO - Created Permission View: can read on DAG:example_subdag_operator
[2025-02-02T22:34:02.871+0000] {logging_mixin.py:188} INFO - [2025-02-02T22:34:02.870+0000] {override.py:1829} INFO - Created Permission View: can delete on DAG:example_subdag_operator
[2025-02-02T22:34:02.871+0000] {logging_mixin.py:188} INFO - [2025-02-02T22:34:02.871+0000] {dag.py:3096} INFO - Sync 3 DAGs
[2025-02-02T22:34:02.879+0000] {logging_mixin.py:188} INFO - [2025-02-02T22:34:02.879+0000] {dag.py:3118} INFO - Creating ORM DAG for example_subdag_operator.section-2
[2025-02-02T22:34:02.880+0000] {logging_mixin.py:188} INFO - [2025-02-02T22:34:02.879+0000] {dag.py:3118} INFO - Creating ORM DAG for example_subdag_operator
[2025-02-02T22:34:02.880+0000] {logging_mixin.py:188} INFO - [2025-02-02T22:34:02.880+0000] {dag.py:3118} INFO - Creating ORM DAG for example_subdag_operator.section-1
[2025-02-02T22:34:02.887+0000] {logging_mixin.py:188} INFO - [2025-02-02T22:34:02.886+0000] {dag.py:3954} INFO - Setting next_dagrun for example_subdag_operator to 2022-01-01 00:00:00+00:00, run_after=2022-01-01 00:00:00+00:00
[2025-02-02T22:34:02.887+0000] {logging_mixin.py:188} INFO - [2025-02-02T22:34:02.887+0000] {dag.py:3954} INFO - Setting next_dagrun for example_subdag_operator.section-1 to None, run_after=None
[2025-02-02T22:34:02.887+0000] {logging_mixin.py:188} INFO - [2025-02-02T22:34:02.887+0000] {dag.py:3954} INFO - Setting next_dagrun for example_subdag_operator.section-2 to None, run_after=None
[2025-02-02T22:34:02.895+0000] {logging_mixin.py:188} INFO - [2025-02-02T22:34:02.894+0000] {dag.py:3096} INFO - Sync 2 DAGs
[2025-02-02T22:34:02.899+0000] {logging_mixin.py:188} INFO - [2025-02-02T22:34:02.899+0000] {dag.py:3954} INFO - Setting next_dagrun for example_subdag_operator.section-1 to None, run_after=None
[2025-02-02T22:34:02.901+0000] {logging_mixin.py:188} INFO - [2025-02-02T22:34:02.901+0000] {dag.py:3954} INFO - Setting next_dagrun for example_subdag_operator.section-2 to None, run_after=None
[2025-02-02T22:34:02.912+0000] {processor.py:183} INFO - Processing /home/airflow/.local/lib/python3.12/site-packages/airflow/example_dags/example_subdag_operator.py took 0.163 seconds
[2025-02-02T22:34:32.964+0000] {processor.py:161} INFO - Started process (PID=543) to work on /home/airflow/.local/lib/python3.12/site-packages/airflow/example_dags/example_subdag_operator.py
[2025-02-02T22:34:32.965+0000] {processor.py:830} INFO - Processing file /home/airflow/.local/lib/python3.12/site-packages/airflow/example_dags/example_subdag_operator.py for tasks to queue
[2025-02-02T22:34:32.966+0000] {logging_mixin.py:188} INFO - [2025-02-02T22:34:32.966+0000] {dagbag.py:545} INFO - Filling up the DagBag from /home/airflow/.local/lib/python3.12/site-packages/airflow/example_dags/example_subdag_operator.py
[2025-02-02T22:34:32.987+0000] {processor.py:840} INFO - DAG(s) 'example_subdag_operator.section-1', 'example_subdag_operator.section-2', 'example_subdag_operator' retrieved from /home/airflow/.local/lib/python3.12/site-packages/airflow/example_dags/example_subdag_operator.py
[2025-02-02T22:34:33.003+0000] {logging_mixin.py:188} INFO - [2025-02-02T22:34:33.002+0000] {dag.py:3096} INFO - Sync 3 DAGs
[2025-02-02T22:34:33.026+0000] {logging_mixin.py:188} INFO - [2025-02-02T22:34:33.026+0000] {dag.py:3954} INFO - Setting next_dagrun for example_subdag_operator to 2022-01-01 00:00:00+00:00, run_after=2022-01-01 00:00:00+00:00
[2025-02-02T22:34:33.029+0000] {logging_mixin.py:188} INFO - [2025-02-02T22:34:33.029+0000] {dag.py:3954} INFO - Setting next_dagrun for example_subdag_operator.section-1 to None, run_after=None
[2025-02-02T22:34:33.030+0000] {logging_mixin.py:188} INFO - [2025-02-02T22:34:33.030+0000] {dag.py:3954} INFO - Setting next_dagrun for example_subdag_operator.section-2 to None, run_after=None
[2025-02-02T22:34:33.036+0000] {logging_mixin.py:188} INFO - [2025-02-02T22:34:33.036+0000] {dag.py:3096} INFO - Sync 2 DAGs
[2025-02-02T22:34:33.041+0000] {logging_mixin.py:188} INFO - [2025-02-02T22:34:33.041+0000] {dag.py:3954} INFO - Setting next_dagrun for example_subdag_operator.section-1 to None, run_after=None
[2025-02-02T22:34:33.041+0000] {logging_mixin.py:188} INFO - [2025-02-02T22:34:33.041+0000] {dag.py:3954} INFO - Setting next_dagrun for example_subdag_operator.section-2 to None, run_after=None
[2025-02-02T22:34:33.052+0000] {processor.py:183} INFO - Processing /home/airflow/.local/lib/python3.12/site-packages/airflow/example_dags/example_subdag_operator.py took 0.093 seconds
