[2025-02-02T22:34:04.034+0000] {processor.py:161} INFO - Started process (PID=333) to work on /home/airflow/.local/lib/python3.12/site-packages/airflow/example_dags/example_xcomargs.py
[2025-02-02T22:34:04.035+0000] {processor.py:830} INFO - Processing file /home/airflow/.local/lib/python3.12/site-packages/airflow/example_dags/example_xcomargs.py for tasks to queue
[2025-02-02T22:34:04.036+0000] {logging_mixin.py:188} INFO - [2025-02-02T22:34:04.036+0000] {dagbag.py:545} INFO - Filling up the DagBag from /home/airflow/.local/lib/python3.12/site-packages/airflow/example_dags/example_xcomargs.py
[2025-02-02T22:34:04.042+0000] {processor.py:840} INFO - DAG(s) 'example_xcom_args', 'example_xcom_args_with_operators' retrieved from /home/airflow/.local/lib/python3.12/site-packages/airflow/example_dags/example_xcomargs.py
[2025-02-02T22:34:04.120+0000] {logging_mixin.py:188} INFO - [2025-02-02T22:34:04.119+0000] {override.py:1829} INFO - Created Permission View: can edit on DAG:example_xcom_args
[2025-02-02T22:34:04.128+0000] {logging_mixin.py:188} INFO - [2025-02-02T22:34:04.127+0000] {override.py:1829} INFO - Created Permission View: can read on DAG:example_xcom_args
[2025-02-02T22:34:04.132+0000] {logging_mixin.py:188} INFO - [2025-02-02T22:34:04.132+0000] {override.py:1829} INFO - Created Permission View: can delete on DAG:example_xcom_args
[2025-02-02T22:34:04.143+0000] {logging_mixin.py:188} INFO - [2025-02-02T22:34:04.143+0000] {override.py:1829} INFO - Created Permission View: can edit on DAG:example_xcom_args_with_operators
[2025-02-02T22:34:04.149+0000] {logging_mixin.py:188} INFO - [2025-02-02T22:34:04.149+0000] {override.py:1829} INFO - Created Permission View: can read on DAG:example_xcom_args_with_operators
[2025-02-02T22:34:04.154+0000] {logging_mixin.py:188} INFO - [2025-02-02T22:34:04.154+0000] {override.py:1829} INFO - Created Permission View: can delete on DAG:example_xcom_args_with_operators
[2025-02-02T22:34:04.154+0000] {logging_mixin.py:188} INFO - [2025-02-02T22:34:04.154+0000] {dag.py:3096} INFO - Sync 2 DAGs
[2025-02-02T22:34:04.164+0000] {logging_mixin.py:188} INFO - [2025-02-02T22:34:04.163+0000] {dag.py:3118} INFO - Creating ORM DAG for example_xcom_args_with_operators
[2025-02-02T22:34:04.164+0000] {logging_mixin.py:188} INFO - [2025-02-02T22:34:04.164+0000] {dag.py:3118} INFO - Creating ORM DAG for example_xcom_args
[2025-02-02T22:34:04.164+0000] {logging_mixin.py:188} INFO - [2025-02-02T22:34:04.164+0000] {dag.py:3954} INFO - Setting next_dagrun for example_xcom_args to None, run_after=None
[2025-02-02T22:34:04.165+0000] {logging_mixin.py:188} INFO - [2025-02-02T22:34:04.165+0000] {dag.py:3954} INFO - Setting next_dagrun for example_xcom_args_with_operators to None, run_after=None
[2025-02-02T22:34:04.182+0000] {processor.py:183} INFO - Processing /home/airflow/.local/lib/python3.12/site-packages/airflow/example_dags/example_xcomargs.py took 0.151 seconds
[2025-02-02T22:34:34.646+0000] {processor.py:161} INFO - Started process (PID=596) to work on /home/airflow/.local/lib/python3.12/site-packages/airflow/example_dags/example_xcomargs.py
[2025-02-02T22:34:34.647+0000] {processor.py:830} INFO - Processing file /home/airflow/.local/lib/python3.12/site-packages/airflow/example_dags/example_xcomargs.py for tasks to queue
[2025-02-02T22:34:34.648+0000] {logging_mixin.py:188} INFO - [2025-02-02T22:34:34.648+0000] {dagbag.py:545} INFO - Filling up the DagBag from /home/airflow/.local/lib/python3.12/site-packages/airflow/example_dags/example_xcomargs.py
[2025-02-02T22:34:34.654+0000] {processor.py:840} INFO - DAG(s) 'example_xcom_args_with_operators', 'example_xcom_args' retrieved from /home/airflow/.local/lib/python3.12/site-packages/airflow/example_dags/example_xcomargs.py
[2025-02-02T22:34:34.675+0000] {logging_mixin.py:188} INFO - [2025-02-02T22:34:34.675+0000] {dag.py:3096} INFO - Sync 2 DAGs
[2025-02-02T22:34:34.684+0000] {logging_mixin.py:188} INFO - [2025-02-02T22:34:34.684+0000] {dag.py:3954} INFO - Setting next_dagrun for example_xcom_args to None, run_after=None
[2025-02-02T22:34:34.687+0000] {logging_mixin.py:188} INFO - [2025-02-02T22:34:34.686+0000] {dag.py:3954} INFO - Setting next_dagrun for example_xcom_args_with_operators to None, run_after=None
[2025-02-02T22:34:34.700+0000] {processor.py:183} INFO - Processing /home/airflow/.local/lib/python3.12/site-packages/airflow/example_dags/example_xcomargs.py took 0.058 seconds
