[2025-02-02T22:34:02.935+0000] {processor.py:161} INFO - Started process (PID=288) to work on /home/airflow/.local/lib/python3.12/site-packages/airflow/example_dags/example_external_task_marker_dag.py
[2025-02-02T22:34:02.935+0000] {processor.py:830} INFO - Processing file /home/airflow/.local/lib/python3.12/site-packages/airflow/example_dags/example_external_task_marker_dag.py for tasks to queue
[2025-02-02T22:34:02.937+0000] {logging_mixin.py:188} INFO - [2025-02-02T22:34:02.936+0000] {dagbag.py:545} INFO - Filling up the DagBag from /home/airflow/.local/lib/python3.12/site-packages/airflow/example_dags/example_external_task_marker_dag.py
[2025-02-02T22:34:02.941+0000] {processor.py:840} INFO - DAG(s) 'example_external_task_marker_child', 'example_external_task_marker_parent' retrieved from /home/airflow/.local/lib/python3.12/site-packages/airflow/example_dags/example_external_task_marker_dag.py
[2025-02-02T22:34:03.023+0000] {logging_mixin.py:188} INFO - [2025-02-02T22:34:03.023+0000] {override.py:1829} INFO - Created Permission View: can edit on DAG:example_external_task_marker_child
[2025-02-02T22:34:03.033+0000] {logging_mixin.py:188} INFO - [2025-02-02T22:34:03.033+0000] {override.py:1829} INFO - Created Permission View: can read on DAG:example_external_task_marker_child
[2025-02-02T22:34:03.038+0000] {logging_mixin.py:188} INFO - [2025-02-02T22:34:03.038+0000] {override.py:1829} INFO - Created Permission View: can delete on DAG:example_external_task_marker_child
[2025-02-02T22:34:03.048+0000] {logging_mixin.py:188} INFO - [2025-02-02T22:34:03.048+0000] {override.py:1829} INFO - Created Permission View: can edit on DAG:example_external_task_marker_parent
[2025-02-02T22:34:03.054+0000] {logging_mixin.py:188} INFO - [2025-02-02T22:34:03.054+0000] {override.py:1829} INFO - Created Permission View: can read on DAG:example_external_task_marker_parent
[2025-02-02T22:34:03.060+0000] {logging_mixin.py:188} INFO - [2025-02-02T22:34:03.060+0000] {override.py:1829} INFO - Created Permission View: can delete on DAG:example_external_task_marker_parent
[2025-02-02T22:34:03.060+0000] {logging_mixin.py:188} INFO - [2025-02-02T22:34:03.060+0000] {dag.py:3096} INFO - Sync 2 DAGs
[2025-02-02T22:34:03.070+0000] {logging_mixin.py:188} INFO - [2025-02-02T22:34:03.070+0000] {dag.py:3118} INFO - Creating ORM DAG for example_external_task_marker_child
[2025-02-02T22:34:03.070+0000] {logging_mixin.py:188} INFO - [2025-02-02T22:34:03.070+0000] {dag.py:3118} INFO - Creating ORM DAG for example_external_task_marker_parent
[2025-02-02T22:34:03.071+0000] {logging_mixin.py:188} INFO - [2025-02-02T22:34:03.071+0000] {dag.py:3954} INFO - Setting next_dagrun for example_external_task_marker_child to None, run_after=None
[2025-02-02T22:34:03.071+0000] {logging_mixin.py:188} INFO - [2025-02-02T22:34:03.071+0000] {dag.py:3954} INFO - Setting next_dagrun for example_external_task_marker_parent to None, run_after=None
[2025-02-02T22:34:03.084+0000] {processor.py:183} INFO - Processing /home/airflow/.local/lib/python3.12/site-packages/airflow/example_dags/example_external_task_marker_dag.py took 0.153 seconds
[2025-02-02T22:34:33.147+0000] {processor.py:161} INFO - Started process (PID=553) to work on /home/airflow/.local/lib/python3.12/site-packages/airflow/example_dags/example_external_task_marker_dag.py
[2025-02-02T22:34:33.147+0000] {processor.py:830} INFO - Processing file /home/airflow/.local/lib/python3.12/site-packages/airflow/example_dags/example_external_task_marker_dag.py for tasks to queue
[2025-02-02T22:34:33.148+0000] {logging_mixin.py:188} INFO - [2025-02-02T22:34:33.148+0000] {dagbag.py:545} INFO - Filling up the DagBag from /home/airflow/.local/lib/python3.12/site-packages/airflow/example_dags/example_external_task_marker_dag.py
[2025-02-02T22:34:33.153+0000] {processor.py:840} INFO - DAG(s) 'example_external_task_marker_parent', 'example_external_task_marker_child' retrieved from /home/airflow/.local/lib/python3.12/site-packages/airflow/example_dags/example_external_task_marker_dag.py
[2025-02-02T22:34:33.174+0000] {logging_mixin.py:188} INFO - [2025-02-02T22:34:33.173+0000] {dag.py:3096} INFO - Sync 2 DAGs
[2025-02-02T22:34:33.185+0000] {logging_mixin.py:188} INFO - [2025-02-02T22:34:33.185+0000] {dag.py:3954} INFO - Setting next_dagrun for example_external_task_marker_child to None, run_after=None
[2025-02-02T22:34:33.189+0000] {logging_mixin.py:188} INFO - [2025-02-02T22:34:33.188+0000] {dag.py:3954} INFO - Setting next_dagrun for example_external_task_marker_parent to None, run_after=None
[2025-02-02T22:34:33.203+0000] {processor.py:183} INFO - Processing /home/airflow/.local/lib/python3.12/site-packages/airflow/example_dags/example_external_task_marker_dag.py took 0.060 seconds
